      ___           ___           ___       ___           ___     
     /\  \         /\  \         /\__\     /\  \         /\  \    
    /::\  \       /::\  \       /:/  /     \:\  \       /::\  \   
   /:/\:\  \     /:/\:\  \     /:/  /       \:\  \     /:/\:\  \  
  /:/  \:\__\   /::\~\:\  \   /:/  /        /::\  \   /::\~\:\  \ 
 /:/__/ \:|__| /:/\:\ \:\__\ /:/__/        /:/\:\__\ /:/\:\ \:\__\
 \:\  \ /:/  / \:\~\:\ \/__/ \:\  \       /:/  \/__/ \/__\:\/:/  /
  \:\  /:/  /   \:\ \:\__\    \:\  \     /:/  /           \::/  / 
   \:\/:/  /     \:\ \/__/     \:\  \    \/__/            /:/  /  
    \::/__/       \:\__\        \:\__\                   /:/  /   
     ~~            \/__/         \/__/                   \/__/    
      ___           ___           ___           ___     
     /\  \         /\__\         /\  \         /\__\    
    /::\  \       /:/  /        /::\  \       /::|  |   
   /:/\:\  \     /:/__/        /:/\:\  \     /:|:|  |   
  /:/  \:\  \   /::\  \ ___   /::\~\:\  \   /:/|:|__|__ 
 /:/__/ \:\__\ /:/\:\  /\__\ /:/\:\ \:\__\ /:/ |::::\__\
 \:\  \  \/__/ \/__\:\/:/  / \:\~\:\ \/__/ \/__/~~/:/  /
  \:\  \            \::/  /   \:\ \:\__\         /:/  / 
   \:\  \           /:/  /     \:\ \/__/        /:/  /  
    \:\__\         /:/  /       \:\__\         /:/  /   
     \/__/         \/__/         \/__/         \/__/    

Delta Chem by J.Castro and T.Terencio.
Yachay Tech, Urcuqui, Ecuador.

Material: fullerene	Atoms in the unit cell: 60
Number of atomic species: 1	C
